This file contains any messages produced by compilers while
running configure, to aid debugging if configure makes a mistake.

It was created by memcached configure 1.6.16, which was
generated by GNU Autoconf 2.69.  Invocation command line was

  $ ./configure --prefix=/home/n869p538/wrk_offloadenginesupport/async_nginx_build/kvs/memcached-1.6.16/../ktls_mem_build --with-libssl=/home/n869p538/wrk_offloadenginesupport/async_nginx_build/ktls/openssl-3.0.0 --enable-tls --with-libevent=/home/n869p538/wrk_offloadenginesupport/async_nginx_build/kvs/memcached-1.6.16/../libevent_build

## --------- ##
## Platform. ##
## --------- ##

hostname = axdimm.ittc.ku.edu
uname -m = x86_64
uname -r = 5.4.189
uname -s = Linux
uname -v = #1 SMP Fri Jul 22 03:58:57 CDT 2022

/usr/bin/uname -p = x86_64
/bin/uname -X     = unknown

/bin/arch              = x86_64
/usr/bin/arch -k       = unknown
/usr/convex/getsysinfo = unknown
/usr/bin/hostinfo      = unknown
/bin/machine           = unknown
/usr/bin/oslevel       = unknown
/bin/universe          = unknown

PATH: /usr/system/bin
PATH: /usr/local/bin
PATH: /bin
PATH: /usr/bin
PATH: /usr/bin/X11
PATH: /usr/X11R6/bin
PATH: /sbin
PATH: /usr/sbin
PATH: /usr/local/sbin
PATH: /tools/matlab/bin
PATH: /users/n869p538/.local/bin


## ----------- ##
## Core tests. ##
## ----------- ##

configure:2558: checking build system type
configure:2572: result: x86_64-pc-linux-gnu
configure:2592: checking host system type
configure:2605: result: x86_64-pc-linux-gnu
configure:2642: checking for a BSD-compatible install
configure:2710: result: /bin/install -c
configure:2721: checking whether build environment is sane
configure:2776: result: yes
configure:2920: checking for a thread-safe mkdir -p
configure:2959: result: /bin/mkdir -p
configure:2966: checking for gawk
configure:2982: found /bin/gawk
configure:2993: result: gawk
configure:3004: checking whether make sets $(MAKE)
configure:3026: result: yes
configure:3055: checking whether make supports nested variables
configure:3072: result: yes
configure:3263: checking for gcc
configure:3279: found /bin/gcc
configure:3290: result: gcc
configure:3519: checking for C compiler version
configure:3528: gcc --version >&5
gcc (Ubuntu 9.4.0-1ubuntu1~20.04.1) 9.4.0
Copyright (C) 2019 Free Software Foundation, Inc.
This is free software; see the source for copying conditions.  There is NO
warranty; not even for MERCHANTABILITY or FITNESS FOR A PARTICULAR PURPOSE.

configure:3539: $? = 0
configure:3528: gcc -v >&5
Using built-in specs.
COLLECT_GCC=gcc
COLLECT_LTO_WRAPPER=/usr/lib/gcc/x86_64-linux-gnu/9/lto-wrapper
OFFLOAD_TARGET_NAMES=nvptx-none:hsa
OFFLOAD_TARGET_DEFAULT=1
Target: x86_64-linux-gnu
Configured with: ../src/configure -v --with-pkgversion='Ubuntu 9.4.0-1ubuntu1~20.04.1' --with-bugurl=file:///usr/share/doc/gcc-9/README.Bugs --enable-languages=c,ada,c++,go,brig,d,fortran,objc,obj-c++,gm2 --prefix=/usr --with-gcc-major-version-only --program-suffix=-9 --program-prefix=x86_64-linux-gnu- --enable-shared --enable-linker-build-id --libexecdir=/usr/lib --without-included-gettext --enable-threads=posix --libdir=/usr/lib --enable-nls --enable-clocale=gnu --enable-libstdcxx-debug --enable-libstdcxx-time=yes --with-default-libstdcxx-abi=new --enable-gnu-unique-object --disable-vtable-verify --enable-plugin --enable-default-pie --with-system-zlib --with-target-system-zlib=auto --enable-objc-gc=auto --enable-multiarch --disable-werror --with-arch-32=i686 --with-abi=m64 --with-multilib-list=m32,m64,mx32 --enable-multilib --with-tune=generic --enable-offload-targets=nvptx-none=/build/gcc-9-Av3uEd/gcc-9-9.4.0/debian/tmp-nvptx/usr,hsa --without-cuda-driver --enable-checking=release --build=x86_64-linux-gnu --host=x86_64-linux-gnu --target=x86_64-linux-gnu
Thread model: posix
gcc version 9.4.0 (Ubuntu 9.4.0-1ubuntu1~20.04.1) 
configure:3539: $? = 0
configure:3528: gcc -V >&5
gcc: error: unrecognized command line option '-V'
gcc: fatal error: no input files
compilation terminated.
configure:3539: $? = 1
configure:3528: gcc -qversion >&5
gcc: error: unrecognized command line option '-qversion'; did you mean '--version'?
gcc: fatal error: no input files
compilation terminated.
configure:3539: $? = 1
configure:3559: checking whether the C compiler works
configure:3581: gcc   -L/home/n869p538/wrk_offloadenginesupport/async_nginx_build/ktls/openssl-3.0.0 conftest.c  >&5
configure:3585: $? = 0
configure:3633: result: yes
configure:3636: checking for C compiler default output file name
configure:3638: result: a.out
configure:3644: checking for suffix of executables
configure:3651: gcc -o conftest   -L/home/n869p538/wrk_offloadenginesupport/async_nginx_build/ktls/openssl-3.0.0 conftest.c  >&5
configure:3655: $? = 0
configure:3677: result: 
configure:3699: checking whether we are cross compiling
configure:3707: gcc -o conftest   -L/home/n869p538/wrk_offloadenginesupport/async_nginx_build/ktls/openssl-3.0.0 conftest.c  >&5
configure:3711: $? = 0
configure:3718: ./conftest
configure:3722: $? = 0
configure:3710: result: no
configure:3715: checking for suffix of object files
configure:3737: gcc -c   conftest.c >&5
configure:3741: $? = 0
configure:3762: result: o
configure:3766: checking whether we are using the GNU C compiler
configure:3785: gcc -c   conftest.c >&5
configure:3785: $? = 0
configure:3794: result: yes
configure:3803: checking whether gcc accepts -g
configure:3823: gcc -c -g  conftest.c >&5
configure:3823: $? = 0
configure:3864: result: yes
configure:3881: checking for gcc option to accept ISO C89
configure:3944: gcc  -c -g -O2  conftest.c >&5
configure:3944: $? = 0
configure:3957: result: none needed
configure:3982: checking whether gcc understands -c and -o together
configure:4004: gcc -c conftest.c -o conftest2.o
configure:4007: $? = 0
configure:4004: gcc -c conftest.c -o conftest2.o
configure:4007: $? = 0
configure:4019: result: yes
configure:4039: checking whether make supports the include directive
configure:4054: make -f confmf.GNU && cat confinc.out
this is the am__doit target
configure:4057: $? = 0
configure:4076: result: yes (GNU style)
configure:4101: checking dependency style of gcc
configure:4212: result: gcc3
configure:4236: checking how to run the C preprocessor
configure:4267: gcc -E  conftest.c
configure:4267: $? = 0
configure:4281: gcc -E  conftest.c
conftest.c:11:10: fatal error: ac_nonexistent.h: No such file or directory
   11 | #include <ac_nonexistent.h>
      |          ^~~~~~~~~~~~~~~~~~
compilation terminated.
configure:4281: $? = 1
configure: failed program was:
| /* confdefs.h */
| #define PACKAGE_NAME "memcached"
| #define PACKAGE_TARNAME "memcached"
| #define PACKAGE_VERSION "1.6.16"
| #define PACKAGE_STRING "memcached 1.6.16"
| #define PACKAGE_BUGREPORT "memcached@googlegroups.com"
| #define PACKAGE_URL ""
| #define PACKAGE "memcached"
| #define VERSION "1.6.16"
| /* end confdefs.h.  */
| #include <ac_nonexistent.h>
configure:4306: result: gcc -E
configure:4326: gcc -E  conftest.c
configure:4326: $? = 0
configure:4340: gcc -E  conftest.c
conftest.c:11:10: fatal error: ac_nonexistent.h: No such file or directory
   11 | #include <ac_nonexistent.h>
      |          ^~~~~~~~~~~~~~~~~~
compilation terminated.
configure:4340: $? = 1
configure: failed program was:
| /* confdefs.h */
| #define PACKAGE_NAME "memcached"
| #define PACKAGE_TARNAME "memcached"
| #define PACKAGE_VERSION "1.6.16"
| #define PACKAGE_STRING "memcached 1.6.16"
| #define PACKAGE_BUGREPORT "memcached@googlegroups.com"
| #define PACKAGE_URL ""
| #define PACKAGE "memcached"
| #define VERSION "1.6.16"
| /* end confdefs.h.  */
| #include <ac_nonexistent.h>
configure:4369: checking for grep that handles long lines and -e
configure:4427: result: /bin/grep
configure:4432: checking for egrep
configure:4494: result: /bin/grep -E
configure:4501: checking for icc in use
configure:4510: result: no
configure:4530: checking for clang in use
configure:4547: gcc -c -g -O2  conftest.c >&5
conftest.c: In function 'main':
conftest.c:17:12: error: unknown type name 'not'
   17 |            not clang
      |            ^~~
configure:4547: $? = 1
configure: failed program was:
| /* confdefs.h */
| #define PACKAGE_NAME "memcached"
| #define PACKAGE_TARNAME "memcached"
| #define PACKAGE_VERSION "1.6.16"
| #define PACKAGE_STRING "memcached 1.6.16"
| #define PACKAGE_BUGREPORT "memcached@googlegroups.com"
| #define PACKAGE_URL ""
| #define PACKAGE "memcached"
| #define VERSION "1.6.16"
| /* end confdefs.h.  */
| 
| int
| main ()
| {
| 
|     #ifndef __clang__
|            not clang
|     #endif
| 
|   ;
|   return 0;
| }
configure:4553: result: no
configure:4562: checking for ANSI C header files
configure:4582: gcc -c -g -O2  conftest.c >&5
configure:4582: $? = 0
configure:4655: gcc -o conftest -g -O2  -L/home/n869p538/wrk_offloadenginesupport/async_nginx_build/ktls/openssl-3.0.0 conftest.c  >&5
configure:4655: $? = 0
configure:4655: ./conftest
configure:4655: $? = 0
configure:4666: result: yes
configure:4679: checking for sys/types.h
configure:4679: gcc -c -g -O2  conftest.c >&5
configure:4679: $? = 0
configure:4679: result: yes
configure:4679: checking for sys/stat.h
configure:4679: gcc -c -g -O2  conftest.c >&5
configure:4679: $? = 0
configure:4679: result: yes
configure:4679: checking for stdlib.h
configure:4679: gcc -c -g -O2  conftest.c >&5
configure:4679: $? = 0
configure:4679: result: yes
configure:4679: checking for string.h
configure:4679: gcc -c -g -O2  conftest.c >&5
configure:4679: $? = 0
configure:4679: result: yes
configure:4679: checking for memory.h
configure:4679: gcc -c -g -O2  conftest.c >&5
configure:4679: $? = 0
configure:4679: result: yes
configure:4679: checking for strings.h
configure:4679: gcc -c -g -O2  conftest.c >&5
configure:4679: $? = 0
configure:4679: result: yes
configure:4679: checking for inttypes.h
configure:4679: gcc -c -g -O2  conftest.c >&5
configure:4679: $? = 0
configure:4679: result: yes
configure:4679: checking for stdint.h
configure:4679: gcc -c -g -O2  conftest.c >&5
configure:4679: $? = 0
configure:4679: result: yes
configure:4679: checking for unistd.h
configure:4679: gcc -c -g -O2  conftest.c >&5
configure:4679: $? = 0
configure:4679: result: yes
configure:4692: checking whether __SUNPRO_C is declared
configure:4692: gcc -c -g -O2  conftest.c >&5
conftest.c: In function 'main':
conftest.c:61:10: error: '__SUNPRO_C' undeclared (first use in this function)
   61 |   (void) __SUNPRO_C;
      |          ^~~~~~~~~~
conftest.c:61:10: note: each undeclared identifier is reported only once for each function it appears in
configure:4692: $? = 1
configure: failed program was:
| /* confdefs.h */
| #define PACKAGE_NAME "memcached"
| #define PACKAGE_TARNAME "memcached"
| #define PACKAGE_VERSION "1.6.16"
| #define PACKAGE_STRING "memcached 1.6.16"
| #define PACKAGE_BUGREPORT "memcached@googlegroups.com"
| #define PACKAGE_URL ""
| #define PACKAGE "memcached"
| #define VERSION "1.6.16"
| #define STDC_HEADERS 1
| #define HAVE_SYS_TYPES_H 1
| #define HAVE_SYS_STAT_H 1
| #define HAVE_STDLIB_H 1
| #define HAVE_STRING_H 1
| #define HAVE_MEMORY_H 1
| #define HAVE_STRINGS_H 1
| #define HAVE_INTTYPES_H 1
| #define HAVE_STDINT_H 1
| #define HAVE_UNISTD_H 1
| /* end confdefs.h.  */
| #include <stdio.h>
| #ifdef HAVE_SYS_TYPES_H
| # include <sys/types.h>
| #endif
| #ifdef HAVE_SYS_STAT_H
| # include <sys/stat.h>
| #endif
| #ifdef STDC_HEADERS
| # include <stdlib.h>
| # include <stddef.h>
| #else
| # ifdef HAVE_STDLIB_H
| #  include <stdlib.h>
| # endif
| #endif
| #ifdef HAVE_STRING_H
| # if !defined STDC_HEADERS && defined HAVE_MEMORY_H
| #  include <memory.h>
| # endif
| # include <string.h>
| #endif
| #ifdef HAVE_STRINGS_H
| # include <strings.h>
| #endif
| #ifdef HAVE_INTTYPES_H
| # include <inttypes.h>
| #endif
| #ifdef HAVE_STDINT_H
| # include <stdint.h>
| #endif
| #ifdef HAVE_UNISTD_H
| # include <unistd.h>
| #endif
| int
| main ()
| {
| #ifndef __SUNPRO_C
| #ifdef __cplusplus
|   (void) __SUNPRO_C;
| #else
|   (void) __SUNPRO_C;
| #endif
| #endif
| 
|   ;
|   return 0;
| }
configure:4692: result: no
configure:4717: checking for gcc option to accept ISO C99
configure:4866: gcc  -c -g -O2 -pthread  conftest.c >&5
configure:4866: $? = 0
configure:4879: result: none needed
configure:4969: checking sasl/sasl.h usability
configure:4969: gcc -c -g -O2 -pthread  conftest.c >&5
conftest.c:54:10: fatal error: sasl/sasl.h: No such file or directory
   54 | #include <sasl/sasl.h>
      |          ^~~~~~~~~~~~~
compilation terminated.
configure:4969: $? = 1
configure: failed program was:
| /* confdefs.h */
| #define PACKAGE_NAME "memcached"
| #define PACKAGE_TARNAME "memcached"
| #define PACKAGE_VERSION "1.6.16"
| #define PACKAGE_STRING "memcached 1.6.16"
| #define PACKAGE_BUGREPORT "memcached@googlegroups.com"
| #define PACKAGE_URL ""
| #define PACKAGE "memcached"
| #define VERSION "1.6.16"
| #define STDC_HEADERS 1
| #define HAVE_SYS_TYPES_H 1
| #define HAVE_SYS_STAT_H 1
| #define HAVE_STDLIB_H 1
| #define HAVE_STRING_H 1
| #define HAVE_MEMORY_H 1
| #define HAVE_STRINGS_H 1
| #define HAVE_INTTYPES_H 1
| #define HAVE_STDINT_H 1
| #define HAVE_UNISTD_H 1
| /* end confdefs.h.  */
| #include <stdio.h>
| #ifdef HAVE_SYS_TYPES_H
| # include <sys/types.h>
| #endif
| #ifdef HAVE_SYS_STAT_H
| # include <sys/stat.h>
| #endif
| #ifdef STDC_HEADERS
| # include <stdlib.h>
| # include <stddef.h>
| #else
| # ifdef HAVE_STDLIB_H
| #  include <stdlib.h>
| # endif
| #endif
| #ifdef HAVE_STRING_H
| # if !defined STDC_HEADERS && defined HAVE_MEMORY_H
| #  include <memory.h>
| # endif
| # include <string.h>
| #endif
| #ifdef HAVE_STRINGS_H
| # include <strings.h>
| #endif
| #ifdef HAVE_INTTYPES_H
| # include <inttypes.h>
| #endif
| #ifdef HAVE_STDINT_H
| # include <stdint.h>
| #endif
| #ifdef HAVE_UNISTD_H
| # include <unistd.h>
| #endif
| #include <sasl/sasl.h>
configure:4969: result: no
configure:4969: checking sasl/sasl.h presence
configure:4969: gcc -E  conftest.c
conftest.c:21:10: fatal error: sasl/sasl.h: No such file or directory
   21 | #include <sasl/sasl.h>
      |          ^~~~~~~~~~~~~
compilation terminated.
configure:4969: $? = 1
configure: failed program was:
| /* confdefs.h */
| #define PACKAGE_NAME "memcached"
| #define PACKAGE_TARNAME "memcached"
| #define PACKAGE_VERSION "1.6.16"
| #define PACKAGE_STRING "memcached 1.6.16"
| #define PACKAGE_BUGREPORT "memcached@googlegroups.com"
| #define PACKAGE_URL ""
| #define PACKAGE "memcached"
| #define VERSION "1.6.16"
| #define STDC_HEADERS 1
| #define HAVE_SYS_TYPES_H 1
| #define HAVE_SYS_STAT_H 1
| #define HAVE_STDLIB_H 1
| #define HAVE_STRING_H 1
| #define HAVE_MEMORY_H 1
| #define HAVE_STRINGS_H 1
| #define HAVE_INTTYPES_H 1
| #define HAVE_STDINT_H 1
| #define HAVE_UNISTD_H 1
| /* end confdefs.h.  */
| #include <sasl/sasl.h>
configure:4969: result: no
configure:4969: checking for sasl/sasl.h
configure:4969: result: no
configure:5345: checking for gcov
configure:5363: found /bin/gcov
configure:5376: result: /bin/gcov
configure:5386: checking for main in -lgcov
configure:5405: gcc -o conftest -g -O2 -pthread -pthread  -L/home/n869p538/wrk_offloadenginesupport/async_nginx_build/ktls/openssl-3.0.0 conftest.c -lgcov   >&5
configure:5405: $? = 0
configure:5414: result: yes
configure:5575: checking size of void *
configure:5580: gcc -o conftest -g -O2 -pthread -pthread  -L/home/n869p538/wrk_offloadenginesupport/async_nginx_build/ktls/openssl-3.0.0 conftest.c  >&5
configure:5580: $? = 0
configure:5580: ./conftest
configure:5580: $? = 0
configure:5594: result: 8
configure:5607: checking for library containing clock_gettime
configure:5638: gcc -o conftest -g -O2 -pthread -pthread  -L/home/n869p538/wrk_offloadenginesupport/async_nginx_build/ktls/openssl-3.0.0 conftest.c  >&5
configure:5638: $? = 0
configure:5655: result: none required
configure:5665: checking for library containing socket
configure:5696: gcc -o conftest -g -O2 -pthread -pthread  -L/home/n869p538/wrk_offloadenginesupport/async_nginx_build/ktls/openssl-3.0.0 conftest.c  >&5
configure:5696: $? = 0
configure:5713: result: none required
configure:5721: checking for library containing gethostbyname
configure:5752: gcc -o conftest -g -O2 -pthread -pthread  -L/home/n869p538/wrk_offloadenginesupport/async_nginx_build/ktls/openssl-3.0.0 conftest.c  >&5
configure:5752: $? = 0
configure:5769: result: none required
configure:5794: checking for libevent directory
configure:5838: gcc -o conftest -g -O2 -pthread -pthread -I/home/n869p538/wrk_offloadenginesupport/async_nginx_build/kvs/memcached-1.6.16/../libevent_build/include  -L/home/n869p538/wrk_offloadenginesupport/async_nginx_build/kvs/memcached-1.6.16/../libevent_build/lib -L/home/n869p538/wrk_offloadenginesupport/async_nginx_build/ktls/openssl-3.0.0 conftest.c -levent  >&5
configure:5838: $? = 0
configure:5874: result: /home/n869p538/wrk_offloadenginesupport/async_nginx_build/kvs/memcached-1.6.16/../libevent_build
configure:5912: gcc -o conftest -g -O2 -pthread -pthread -I/home/n869p538/wrk_offloadenginesupport/async_nginx_build/kvs/memcached-1.6.16/../libevent_build/include  -L/home/n869p538/wrk_offloadenginesupport/async_nginx_build/kvs/memcached-1.6.16/../libevent_build/lib -L/home/n869p538/wrk_offloadenginesupport/async_nginx_build/ktls/openssl-3.0.0 -Wl,-rpath,/home/n869p538/wrk_offloadenginesupport/async_nginx_build/kvs/memcached-1.6.16/../libevent_build/lib conftest.c -levent  >&5
configure:5912: $? = 0
configure:5912: ./conftest
configure:5912: $? = 0
configure:5944: checking for libssl directory
configure:5990: gcc -o conftest -g -O2 -pthread -pthread -I/home/n869p538/wrk_offloadenginesupport/async_nginx_build/ktls/openssl-3.0.0/include -I/home/n869p538/wrk_offloadenginesupport/async_nginx_build/kvs/memcached-1.6.16/../libevent_build/include  -L/home/n869p538/wrk_offloadenginesupport/async_nginx_build/ktls/openssl-3.0.0 -L/home/n869p538/wrk_offloadenginesupport/async_nginx_build/kvs/memcached-1.6.16/../libevent_build/lib -L/home/n869p538/wrk_offloadenginesupport/async_nginx_build/ktls/openssl-3.0.0 -Wl,-rpath,/home/n869p538/wrk_offloadenginesupport/async_nginx_build/kvs/memcached-1.6.16/../libevent_build/lib conftest.c -lssl -lcrypto -levent  >&5
configure:5990: $? = 0
configure:6026: result: /home/n869p538/wrk_offloadenginesupport/async_nginx_build/ktls/openssl-3.0.0
configure:6051: checking for library containing gethugepagesizes
configure:6082: gcc -o conftest -g -O2 -pthread -pthread -I/home/n869p538/wrk_offloadenginesupport/async_nginx_build/ktls/openssl-3.0.0/include -I/home/n869p538/wrk_offloadenginesupport/async_nginx_build/kvs/memcached-1.6.16/../libevent_build/include  -L/home/n869p538/wrk_offloadenginesupport/async_nginx_build/ktls/openssl-3.0.0 -L/home/n869p538/wrk_offloadenginesupport/async_nginx_build/kvs/memcached-1.6.16/../libevent_build/lib -L/home/n869p538/wrk_offloadenginesupport/async_nginx_build/ktls/openssl-3.0.0 -Wl,-rpath,/home/n869p538/wrk_offloadenginesupport/async_nginx_build/kvs/memcached-1.6.16/../libevent_build/lib -Wl,-rpath,/home/n869p538/wrk_offloadenginesupport/async_nginx_build/ktls/openssl-3.0.0/lib conftest.c -lssl -lcrypto -levent  >&5
/bin/ld: /tmp/ccDiA88G.o: in function `main':
/home/n869p538/wrk_offloadenginesupport/async_nginx_build/kvs/memcached-1.6.16/conftest.c:36: undefined reference to `gethugepagesizes'
collect2: error: ld returned 1 exit status
configure:6082: $? = 1
configure: failed program was:
| /* confdefs.h */
| #define PACKAGE_NAME "memcached"
| #define PACKAGE_TARNAME "memcached"
| #define PACKAGE_VERSION "1.6.16"
| #define PACKAGE_STRING "memcached 1.6.16"
| #define PACKAGE_BUGREPORT "memcached@googlegroups.com"
| #define PACKAGE_URL ""
| #define PACKAGE "memcached"
| #define VERSION "1.6.16"
| #define STDC_HEADERS 1
| #define HAVE_SYS_TYPES_H 1
| #define HAVE_SYS_STAT_H 1
| #define HAVE_STDLIB_H 1
| #define HAVE_STRING_H 1
| #define HAVE_MEMORY_H 1
| #define HAVE_STRINGS_H 1
| #define HAVE_INTTYPES_H 1
| #define HAVE_STDINT_H 1
| #define HAVE_UNISTD_H 1
| #define EXTSTORE 1
| #define TLS 1
| #define SIZEOF_VOID_P 8
| #define HAVE_LIBEVENT_NEW 1
| /* end confdefs.h.  */
| 
| /* Override any GCC internal prototype to avoid an error.
|    Use char because int might match the return type of a GCC
|    builtin and then its argument prototype would still apply.  */
| #ifdef __cplusplus
| extern "C"
| #endif
| char gethugepagesizes ();
| int
| main ()
| {
| return gethugepagesizes ();
|   ;
|   return 0;
| }
configure:6082: gcc -o conftest -g -O2 -pthread -pthread -I/home/n869p538/wrk_offloadenginesupport/async_nginx_build/ktls/openssl-3.0.0/include -I/home/n869p538/wrk_offloadenginesupport/async_nginx_build/kvs/memcached-1.6.16/../libevent_build/include  -L/home/n869p538/wrk_offloadenginesupport/async_nginx_build/ktls/openssl-3.0.0 -L/home/n869p538/wrk_offloadenginesupport/async_nginx_build/kvs/memcached-1.6.16/../libevent_build/lib -L/home/n869p538/wrk_offloadenginesupport/async_nginx_build/ktls/openssl-3.0.0 -Wl,-rpath,/home/n869p538/wrk_offloadenginesupport/async_nginx_build/kvs/memcached-1.6.16/../libevent_build/lib -Wl,-rpath,/home/n869p538/wrk_offloadenginesupport/async_nginx_build/ktls/openssl-3.0.0/lib conftest.c -lhugetlbfs  -lssl -lcrypto -levent  >&5
/bin/ld: cannot find -lhugetlbfs
collect2: error: ld returned 1 exit status
configure:6082: $? = 1
configure: failed program was:
| /* confdefs.h */
| #define PACKAGE_NAME "memcached"
| #define PACKAGE_TARNAME "memcached"
| #define PACKAGE_VERSION "1.6.16"
| #define PACKAGE_STRING "memcached 1.6.16"
| #define PACKAGE_BUGREPORT "memcached@googlegroups.com"
| #define PACKAGE_URL ""
| #define PACKAGE "memcached"
| #define VERSION "1.6.16"
| #define STDC_HEADERS 1
| #define HAVE_SYS_TYPES_H 1
| #define HAVE_SYS_STAT_H 1
| #define HAVE_STDLIB_H 1
| #define HAVE_STRING_H 1
| #define HAVE_MEMORY_H 1
| #define HAVE_STRINGS_H 1
| #define HAVE_INTTYPES_H 1
| #define HAVE_STDINT_H 1
| #define HAVE_UNISTD_H 1
| #define EXTSTORE 1
| #define TLS 1
| #define SIZEOF_VOID_P 8
| #define HAVE_LIBEVENT_NEW 1
| /* end confdefs.h.  */
| 
| /* Override any GCC internal prototype to avoid an error.
|    Use char because int might match the return type of a GCC
|    builtin and then its argument prototype would still apply.  */
| #ifdef __cplusplus
| extern "C"
| #endif
| char gethugepagesizes ();
| int
| main ()
| {
| return gethugepagesizes ();
|   ;
|   return 0;
| }
configure:6099: result: no
configure:6108: checking for stdbool.h that conforms to C99
configure:6175: gcc -c -g -O2 -pthread -pthread -I/home/n869p538/wrk_offloadenginesupport/async_nginx_build/ktls/openssl-3.0.0/include -I/home/n869p538/wrk_offloadenginesupport/async_nginx_build/kvs/memcached-1.6.16/../libevent_build/include  conftest.c >&5
configure:6175: $? = 0
configure:6182: result: yes
configure:6184: checking for _Bool
configure:6184: gcc -c -g -O2 -pthread -pthread -I/home/n869p538/wrk_offloadenginesupport/async_nginx_build/ktls/openssl-3.0.0/include -I/home/n869p538/wrk_offloadenginesupport/async_nginx_build/kvs/memcached-1.6.16/../libevent_build/include  conftest.c >&5
configure:6184: $? = 0
configure:6184: gcc -c -g -O2 -pthread -pthread -I/home/n869p538/wrk_offloadenginesupport/async_nginx_build/ktls/openssl-3.0.0/include -I/home/n869p538/wrk_offloadenginesupport/async_nginx_build/kvs/memcached-1.6.16/../libevent_build/include  conftest.c >&5
conftest.c: In function 'main':
conftest.c:61:20: error: expected expression before ')' token
   61 | if (sizeof ((_Bool)))
      |                    ^
configure:6184: $? = 1
configure: failed program was:
| /* confdefs.h */
| #define PACKAGE_NAME "memcached"
| #define PACKAGE_TARNAME "memcached"
| #define PACKAGE_VERSION "1.6.16"
| #define PACKAGE_STRING "memcached 1.6.16"
| #define PACKAGE_BUGREPORT "memcached@googlegroups.com"
| #define PACKAGE_URL ""
| #define PACKAGE "memcached"
| #define VERSION "1.6.16"
| #define STDC_HEADERS 1
| #define HAVE_SYS_TYPES_H 1
| #define HAVE_SYS_STAT_H 1
| #define HAVE_STDLIB_H 1
| #define HAVE_STRING_H 1
| #define HAVE_MEMORY_H 1
| #define HAVE_STRINGS_H 1
| #define HAVE_INTTYPES_H 1
| #define HAVE_STDINT_H 1
| #define HAVE_UNISTD_H 1
| #define EXTSTORE 1
| #define TLS 1
| #define SIZEOF_VOID_P 8
| #define HAVE_LIBEVENT_NEW 1
| /* end confdefs.h.  */
| #include <stdio.h>
| #ifdef HAVE_SYS_TYPES_H
| # include <sys/types.h>
| #endif
| #ifdef HAVE_SYS_STAT_H
| # include <sys/stat.h>
| #endif
| #ifdef STDC_HEADERS
| # include <stdlib.h>
| # include <stddef.h>
| #else
| # ifdef HAVE_STDLIB_H
| #  include <stdlib.h>
| # endif
| #endif
| #ifdef HAVE_STRING_H
| # if !defined STDC_HEADERS && defined HAVE_MEMORY_H
| #  include <memory.h>
| # endif
| # include <string.h>
| #endif
| #ifdef HAVE_STRINGS_H
| # include <strings.h>
| #endif
| #ifdef HAVE_INTTYPES_H
| # include <inttypes.h>
| #endif
| #ifdef HAVE_STDINT_H
| # include <stdint.h>
| #endif
| #ifdef HAVE_UNISTD_H
| # include <unistd.h>
| #endif
| int
| main ()
| {
| if (sizeof ((_Bool)))
| 	    return 0;
|   ;
|   return 0;
| }
configure:6184: result: yes
configure:6205: checking for inttypes.h
configure:6205: result: yes
configure:6220: checking for sasl_callback_ft
configure:6244: gcc -c -g -O2 -pthread -pthread -I/home/n869p538/wrk_offloadenginesupport/async_nginx_build/ktls/openssl-3.0.0/include -I/home/n869p538/wrk_offloadenginesupport/async_nginx_build/kvs/memcached-1.6.16/../libevent_build/include  conftest.c >&5
conftest.c: In function 'main':
conftest.c:38:5: error: unknown type name 'sasl_callback_ft'
   38 |     sasl_callback_ft a_callback;
      |     ^~~~~~~~~~~~~~~~
configure:6244: $? = 1
configure: failed program was:
| /* confdefs.h */
| #define PACKAGE_NAME "memcached"
| #define PACKAGE_TARNAME "memcached"
| #define PACKAGE_VERSION "1.6.16"
| #define PACKAGE_STRING "memcached 1.6.16"
| #define PACKAGE_BUGREPORT "memcached@googlegroups.com"
| #define PACKAGE_URL ""
| #define PACKAGE "memcached"
| #define VERSION "1.6.16"
| #define STDC_HEADERS 1
| #define HAVE_SYS_TYPES_H 1
| #define HAVE_SYS_STAT_H 1
| #define HAVE_STDLIB_H 1
| #define HAVE_STRING_H 1
| #define HAVE_MEMORY_H 1
| #define HAVE_STRINGS_H 1
| #define HAVE_INTTYPES_H 1
| #define HAVE_STDINT_H 1
| #define HAVE_UNISTD_H 1
| #define EXTSTORE 1
| #define TLS 1
| #define SIZEOF_VOID_P 8
| #define HAVE_LIBEVENT_NEW 1
| #define HAVE__BOOL 1
| #define HAVE_STDBOOL_H 1
| #define HAVE_INTTYPES_H 1
| /* end confdefs.h.  */
| 
|     #ifdef HAVE_SASL_SASL_H
|     #include <sasl/sasl.h>
|     #include <sasl/saslplug.h>
|     #endif
| 
| int
| main ()
| {
| 
|     sasl_callback_ft a_callback;
| 
|   ;
|   return 0;
| }
configure:6256: result: no
configure:6268: checking for print macros for integers (C99 section 7.8.1)
configure:6292: gcc -c -g -O2 -pthread -pthread -I/home/n869p538/wrk_offloadenginesupport/async_nginx_build/ktls/openssl-3.0.0/include -I/home/n869p538/wrk_offloadenginesupport/async_nginx_build/kvs/memcached-1.6.16/../libevent_build/include  conftest.c >&5
configure:6292: $? = 0
configure:6300: result: yes
configure:6316: checking for an ANSI C-conforming const
configure:6382: gcc -c -g -O2 -pthread -pthread -I/home/n869p538/wrk_offloadenginesupport/async_nginx_build/ktls/openssl-3.0.0/include -I/home/n869p538/wrk_offloadenginesupport/async_nginx_build/kvs/memcached-1.6.16/../libevent_build/include  conftest.c >&5
configure:6382: $? = 0
configure:6389: result: yes
configure:6400: checking for socklen_t
configure:6422: gcc -c -g -O2 -pthread -pthread -I/home/n869p538/wrk_offloadenginesupport/async_nginx_build/ktls/openssl-3.0.0/include -I/home/n869p538/wrk_offloadenginesupport/async_nginx_build/kvs/memcached-1.6.16/../libevent_build/include  conftest.c >&5
configure:6422: $? = 0
configure:6434: result: yes
configure:6443: checking whether byte ordering is bigendian
configure:6458: gcc -c -g -O2 -pthread -pthread -I/home/n869p538/wrk_offloadenginesupport/async_nginx_build/ktls/openssl-3.0.0/include -I/home/n869p538/wrk_offloadenginesupport/async_nginx_build/kvs/memcached-1.6.16/../libevent_build/include  conftest.c >&5
conftest.c:29:9: error: unknown type name 'not'
   29 |         not a universal capable compiler
      |         ^~~
conftest.c:29:15: error: expected '=', ',', ';', 'asm' or '__attribute__' before 'universal'
   29 |         not a universal capable compiler
      |               ^~~~~~~~~
conftest.c:29:15: error: unknown type name 'universal'
configure:6458: $? = 1
configure: failed program was:
| /* confdefs.h */
| #define PACKAGE_NAME "memcached"
| #define PACKAGE_TARNAME "memcached"
| #define PACKAGE_VERSION "1.6.16"
| #define PACKAGE_STRING "memcached 1.6.16"
| #define PACKAGE_BUGREPORT "memcached@googlegroups.com"
| #define PACKAGE_URL ""
| #define PACKAGE "memcached"
| #define VERSION "1.6.16"
| #define STDC_HEADERS 1
| #define HAVE_SYS_TYPES_H 1
| #define HAVE_SYS_STAT_H 1
| #define HAVE_STDLIB_H 1
| #define HAVE_STRING_H 1
| #define HAVE_MEMORY_H 1
| #define HAVE_STRINGS_H 1
| #define HAVE_INTTYPES_H 1
| #define HAVE_STDINT_H 1
| #define HAVE_UNISTD_H 1
| #define EXTSTORE 1
| #define TLS 1
| #define SIZEOF_VOID_P 8
| #define HAVE_LIBEVENT_NEW 1
| #define HAVE__BOOL 1
| #define HAVE_STDBOOL_H 1
| #define HAVE_INTTYPES_H 1
| /* end confdefs.h.  */
| #ifndef __APPLE_CC__
| 	       not a universal capable compiler
| 	     #endif
| 	     typedef int dummy;
| 
configure:6503: gcc -c -g -O2 -pthread -pthread -I/home/n869p538/wrk_offloadenginesupport/async_nginx_build/ktls/openssl-3.0.0/include -I/home/n869p538/wrk_offloadenginesupport/async_nginx_build/kvs/memcached-1.6.16/../libevent_build/include  conftest.c >&5
configure:6503: $? = 0
configure:6521: gcc -c -g -O2 -pthread -pthread -I/home/n869p538/wrk_offloadenginesupport/async_nginx_build/ktls/openssl-3.0.0/include -I/home/n869p538/wrk_offloadenginesupport/async_nginx_build/kvs/memcached-1.6.16/../libevent_build/include  conftest.c >&5
conftest.c: In function 'main':
conftest.c:35:4: error: unknown type name 'not'; did you mean 'ino_t'?
   35 |    not big endian
      |    ^~~
      |    ino_t
conftest.c:35:12: error: expected '=', ',', ';', 'asm' or '__attribute__' before 'endian'
   35 |    not big endian
      |            ^~~~~~
configure:6521: $? = 1
configure: failed program was:
| /* confdefs.h */
| #define PACKAGE_NAME "memcached"
| #define PACKAGE_TARNAME "memcached"
| #define PACKAGE_VERSION "1.6.16"
| #define PACKAGE_STRING "memcached 1.6.16"
| #define PACKAGE_BUGREPORT "memcached@googlegroups.com"
| #define PACKAGE_URL ""
| #define PACKAGE "memcached"
| #define VERSION "1.6.16"
| #define STDC_HEADERS 1
| #define HAVE_SYS_TYPES_H 1
| #define HAVE_SYS_STAT_H 1
| #define HAVE_STDLIB_H 1
| #define HAVE_STRING_H 1
| #define HAVE_MEMORY_H 1
| #define HAVE_STRINGS_H 1
| #define HAVE_INTTYPES_H 1
| #define HAVE_STDINT_H 1
| #define HAVE_UNISTD_H 1
| #define EXTSTORE 1
| #define TLS 1
| #define SIZEOF_VOID_P 8
| #define HAVE_LIBEVENT_NEW 1
| #define HAVE__BOOL 1
| #define HAVE_STDBOOL_H 1
| #define HAVE_INTTYPES_H 1
| /* end confdefs.h.  */
| #include <sys/types.h>
| 		#include <sys/param.h>
| 
| int
| main ()
| {
| #if BYTE_ORDER != BIG_ENDIAN
| 		 not big endian
| 		#endif
| 
|   ;
|   return 0;
| }
configure:6649: result: no
configure:6673: checking for htonll
configure:6695: gcc -o conftest -g -O2 -pthread -pthread -I/home/n869p538/wrk_offloadenginesupport/async_nginx_build/ktls/openssl-3.0.0/include -I/home/n869p538/wrk_offloadenginesupport/async_nginx_build/kvs/memcached-1.6.16/../libevent_build/include  -L/home/n869p538/wrk_offloadenginesupport/async_nginx_build/ktls/openssl-3.0.0 -L/home/n869p538/wrk_offloadenginesupport/async_nginx_build/kvs/memcached-1.6.16/../libevent_build/lib -L/home/n869p538/wrk_offloadenginesupport/async_nginx_build/ktls/openssl-3.0.0 -Wl,-rpath,/home/n869p538/wrk_offloadenginesupport/async_nginx_build/kvs/memcached-1.6.16/../libevent_build/lib -Wl,-rpath,/home/n869p538/wrk_offloadenginesupport/async_nginx_build/ktls/openssl-3.0.0/lib conftest.c -lssl -lcrypto -levent  >&5
conftest.c:33:23: warning: extra tokens at end of #include directive
   33 | #include <inttypes.h> */
      |                       ^
conftest.c: In function 'main':
conftest.c:40:18: warning: implicit declaration of function 'htonll'; did you mean 'htonl'? [-Wimplicit-function-declaration]
   40 |           return htonll(0);
      |                  ^~~~~~
      |                  htonl
/bin/ld: /tmp/ccivM748.o: in function `main':
/home/n869p538/wrk_offloadenginesupport/async_nginx_build/kvs/memcached-1.6.16/conftest.c:40: undefined reference to `htonll'
collect2: error: ld returned 1 exit status
configure:6695: $? = 1
configure: failed program was:
| /* confdefs.h */
| #define PACKAGE_NAME "memcached"
| #define PACKAGE_TARNAME "memcached"
| #define PACKAGE_VERSION "1.6.16"
| #define PACKAGE_STRING "memcached 1.6.16"
| #define PACKAGE_BUGREPORT "memcached@googlegroups.com"
| #define PACKAGE_URL ""
| #define PACKAGE "memcached"
| #define VERSION "1.6.16"
| #define STDC_HEADERS 1
| #define HAVE_SYS_TYPES_H 1
| #define HAVE_SYS_STAT_H 1
| #define HAVE_STDLIB_H 1
| #define HAVE_STRING_H 1
| #define HAVE_MEMORY_H 1
| #define HAVE_STRINGS_H 1
| #define HAVE_INTTYPES_H 1
| #define HAVE_STDINT_H 1
| #define HAVE_UNISTD_H 1
| #define EXTSTORE 1
| #define TLS 1
| #define SIZEOF_VOID_P 8
| #define HAVE_LIBEVENT_NEW 1
| #define HAVE__BOOL 1
| #define HAVE_STDBOOL_H 1
| #define HAVE_INTTYPES_H 1
| #define ENDIAN_LITTLE 1
| /* end confdefs.h.  */
| 
| #include <sys/types.h>
| #include <netinet/in.h>
| #ifdef HAVE_INTTYPES_H
| #include <inttypes.h> */
| #endif
| 
| int
| main ()
| {
| 
|           return htonll(0);
| 
|   ;
|   return 0;
| }
configure:6710: result: no
configure:6714: checking for library containing pthread_create
configure:6745: gcc -o conftest -g -O2 -pthread -pthread -I/home/n869p538/wrk_offloadenginesupport/async_nginx_build/ktls/openssl-3.0.0/include -I/home/n869p538/wrk_offloadenginesupport/async_nginx_build/kvs/memcached-1.6.16/../libevent_build/include  -L/home/n869p538/wrk_offloadenginesupport/async_nginx_build/ktls/openssl-3.0.0 -L/home/n869p538/wrk_offloadenginesupport/async_nginx_build/kvs/memcached-1.6.16/../libevent_build/lib -L/home/n869p538/wrk_offloadenginesupport/async_nginx_build/ktls/openssl-3.0.0 -Wl,-rpath,/home/n869p538/wrk_offloadenginesupport/async_nginx_build/kvs/memcached-1.6.16/../libevent_build/lib -Wl,-rpath,/home/n869p538/wrk_offloadenginesupport/async_nginx_build/ktls/openssl-3.0.0/lib conftest.c -lssl -lcrypto -levent  >&5
configure:6745: $? = 0
configure:6762: result: none required
configure:6776: checking for mlockall
configure:6776: gcc -o conftest -g -O2 -pthread -pthread -I/home/n869p538/wrk_offloadenginesupport/async_nginx_build/ktls/openssl-3.0.0/include -I/home/n869p538/wrk_offloadenginesupport/async_nginx_build/kvs/memcached-1.6.16/../libevent_build/include  -L/home/n869p538/wrk_offloadenginesupport/async_nginx_build/ktls/openssl-3.0.0 -L/home/n869p538/wrk_offloadenginesupport/async_nginx_build/kvs/memcached-1.6.16/../libevent_build/lib -L/home/n869p538/wrk_offloadenginesupport/async_nginx_build/ktls/openssl-3.0.0 -Wl,-rpath,/home/n869p538/wrk_offloadenginesupport/async_nginx_build/kvs/memcached-1.6.16/../libevent_build/lib -Wl,-rpath,/home/n869p538/wrk_offloadenginesupport/async_nginx_build/ktls/openssl-3.0.0/lib conftest.c -lssl -lcrypto -levent  >&5
configure:6776: $? = 0
configure:6776: result: yes
configure:6787: checking for getpagesizes
configure:6787: gcc -o conftest -g -O2 -pthread -pthread -I/home/n869p538/wrk_offloadenginesupport/async_nginx_build/ktls/openssl-3.0.0/include -I/home/n869p538/wrk_offloadenginesupport/async_nginx_build/kvs/memcached-1.6.16/../libevent_build/include  -L/home/n869p538/wrk_offloadenginesupport/async_nginx_build/ktls/openssl-3.0.0 -L/home/n869p538/wrk_offloadenginesupport/async_nginx_build/kvs/memcached-1.6.16/../libevent_build/lib -L/home/n869p538/wrk_offloadenginesupport/async_nginx_build/ktls/openssl-3.0.0 -Wl,-rpath,/home/n869p538/wrk_offloadenginesupport/async_nginx_build/kvs/memcached-1.6.16/../libevent_build/lib -Wl,-rpath,/home/n869p538/wrk_offloadenginesupport/async_nginx_build/ktls/openssl-3.0.0/lib conftest.c -lssl -lcrypto -levent  >&5
/bin/ld: /tmp/ccUjrFHO.o: in function `main':
/home/n869p538/wrk_offloadenginesupport/async_nginx_build/kvs/memcached-1.6.16/conftest.c:64: undefined reference to `getpagesizes'
collect2: error: ld returned 1 exit status
configure:6787: $? = 1
configure: failed program was:
| /* confdefs.h */
| #define PACKAGE_NAME "memcached"
| #define PACKAGE_TARNAME "memcached"
| #define PACKAGE_VERSION "1.6.16"
| #define PACKAGE_STRING "memcached 1.6.16"
| #define PACKAGE_BUGREPORT "memcached@googlegroups.com"
| #define PACKAGE_URL ""
| #define PACKAGE "memcached"
| #define VERSION "1.6.16"
| #define STDC_HEADERS 1
| #define HAVE_SYS_TYPES_H 1
| #define HAVE_SYS_STAT_H 1
| #define HAVE_STDLIB_H 1
| #define HAVE_STRING_H 1
| #define HAVE_MEMORY_H 1
| #define HAVE_STRINGS_H 1
| #define HAVE_INTTYPES_H 1
| #define HAVE_STDINT_H 1
| #define HAVE_UNISTD_H 1
| #define EXTSTORE 1
| #define TLS 1
| #define SIZEOF_VOID_P 8
| #define HAVE_LIBEVENT_NEW 1
| #define HAVE__BOOL 1
| #define HAVE_STDBOOL_H 1
| #define HAVE_INTTYPES_H 1
| #define ENDIAN_LITTLE 1
| #define HAVE_MLOCKALL 1
| /* end confdefs.h.  */
| /* Define getpagesizes to an innocuous variant, in case <limits.h> declares getpagesizes.
|    For example, HP-UX 11i <limits.h> declares gettimeofday.  */
| #define getpagesizes innocuous_getpagesizes
| 
| /* System header to define __stub macros and hopefully few prototypes,
|     which can conflict with char getpagesizes (); below.
|     Prefer <limits.h> to <assert.h> if __STDC__ is defined, since
|     <limits.h> exists even on freestanding compilers.  */
| 
| #ifdef __STDC__
| # include <limits.h>
| #else
| # include <assert.h>
| #endif
| 
| #undef getpagesizes
| 
| /* Override any GCC internal prototype to avoid an error.
|    Use char because int might match the return type of a GCC
|    builtin and then its argument prototype would still apply.  */
| #ifdef __cplusplus
| extern "C"
| #endif
| char getpagesizes ();
| /* The GNU C library defines this for functions which it implements
|     to always fail with ENOSYS.  Some functions are actually named
|     something starting with __ and the normal name is an alias.  */
| #if defined __stub_getpagesizes || defined __stub___getpagesizes
| choke me
| #endif
| 
| int
| main ()
| {
| return getpagesizes ();
|   ;
|   return 0;
| }
configure:6787: result: no
configure:6798: checking for sysconf
configure:6798: gcc -o conftest -g -O2 -pthread -pthread -I/home/n869p538/wrk_offloadenginesupport/async_nginx_build/ktls/openssl-3.0.0/include -I/home/n869p538/wrk_offloadenginesupport/async_nginx_build/kvs/memcached-1.6.16/../libevent_build/include  -L/home/n869p538/wrk_offloadenginesupport/async_nginx_build/ktls/openssl-3.0.0 -L/home/n869p538/wrk_offloadenginesupport/async_nginx_build/kvs/memcached-1.6.16/../libevent_build/lib -L/home/n869p538/wrk_offloadenginesupport/async_nginx_build/ktls/openssl-3.0.0 -Wl,-rpath,/home/n869p538/wrk_offloadenginesupport/async_nginx_build/kvs/memcached-1.6.16/../libevent_build/lib -Wl,-rpath,/home/n869p538/wrk_offloadenginesupport/async_nginx_build/ktls/openssl-3.0.0/lib conftest.c -lssl -lcrypto -levent  >&5
configure:6798: $? = 0
configure:6798: result: yes
configure:6809: checking for memcntl
configure:6809: gcc -o conftest -g -O2 -pthread -pthread -I/home/n869p538/wrk_offloadenginesupport/async_nginx_build/ktls/openssl-3.0.0/include -I/home/n869p538/wrk_offloadenginesupport/async_nginx_build/kvs/memcached-1.6.16/../libevent_build/include  -L/home/n869p538/wrk_offloadenginesupport/async_nginx_build/ktls/openssl-3.0.0 -L/home/n869p538/wrk_offloadenginesupport/async_nginx_build/kvs/memcached-1.6.16/../libevent_build/lib -L/home/n869p538/wrk_offloadenginesupport/async_nginx_build/ktls/openssl-3.0.0 -Wl,-rpath,/home/n869p538/wrk_offloadenginesupport/async_nginx_build/kvs/memcached-1.6.16/../libevent_build/lib -Wl,-rpath,/home/n869p538/wrk_offloadenginesupport/async_nginx_build/ktls/openssl-3.0.0/lib conftest.c -lssl -lcrypto -levent  >&5
/bin/ld: /tmp/ccFH9kgJ.o: in function `main':
/home/n869p538/wrk_offloadenginesupport/async_nginx_build/kvs/memcached-1.6.16/conftest.c:65: undefined reference to `memcntl'
collect2: error: ld returned 1 exit status
configure:6809: $? = 1
configure: failed program was:
| /* confdefs.h */
| #define PACKAGE_NAME "memcached"
| #define PACKAGE_TARNAME "memcached"
| #define PACKAGE_VERSION "1.6.16"
| #define PACKAGE_STRING "memcached 1.6.16"
| #define PACKAGE_BUGREPORT "memcached@googlegroups.com"
| #define PACKAGE_URL ""
| #define PACKAGE "memcached"
| #define VERSION "1.6.16"
| #define STDC_HEADERS 1
| #define HAVE_SYS_TYPES_H 1
| #define HAVE_SYS_STAT_H 1
| #define HAVE_STDLIB_H 1
| #define HAVE_STRING_H 1
| #define HAVE_MEMORY_H 1
| #define HAVE_STRINGS_H 1
| #define HAVE_INTTYPES_H 1
| #define HAVE_STDINT_H 1
| #define HAVE_UNISTD_H 1
| #define EXTSTORE 1
| #define TLS 1
| #define SIZEOF_VOID_P 8
| #define HAVE_LIBEVENT_NEW 1
| #define HAVE__BOOL 1
| #define HAVE_STDBOOL_H 1
| #define HAVE_INTTYPES_H 1
| #define ENDIAN_LITTLE 1
| #define HAVE_MLOCKALL 1
| #define HAVE_SYSCONF 1
| /* end confdefs.h.  */
| /* Define memcntl to an innocuous variant, in case <limits.h> declares memcntl.
|    For example, HP-UX 11i <limits.h> declares gettimeofday.  */
| #define memcntl innocuous_memcntl
| 
| /* System header to define __stub macros and hopefully few prototypes,
|     which can conflict with char memcntl (); below.
|     Prefer <limits.h> to <assert.h> if __STDC__ is defined, since
|     <limits.h> exists even on freestanding compilers.  */
| 
| #ifdef __STDC__
| # include <limits.h>
| #else
| # include <assert.h>
| #endif
| 
| #undef memcntl
| 
| /* Override any GCC internal prototype to avoid an error.
|    Use char because int might match the return type of a GCC
|    builtin and then its argument prototype would still apply.  */
| #ifdef __cplusplus
| extern "C"
| #endif
| char memcntl ();
| /* The GNU C library defines this for functions which it implements
|     to always fail with ENOSYS.  Some functions are actually named
|     something starting with __ and the normal name is an alias.  */
| #if defined __stub_memcntl || defined __stub___memcntl
| choke me
| #endif
| 
| int
| main ()
| {
| return memcntl ();
|   ;
|   return 0;
| }
configure:6809: result: no
configure:6820: checking for clock_gettime
configure:6820: gcc -o conftest -g -O2 -pthread -pthread -I/home/n869p538/wrk_offloadenginesupport/async_nginx_build/ktls/openssl-3.0.0/include -I/home/n869p538/wrk_offloadenginesupport/async_nginx_build/kvs/memcached-1.6.16/../libevent_build/include  -L/home/n869p538/wrk_offloadenginesupport/async_nginx_build/ktls/openssl-3.0.0 -L/home/n869p538/wrk_offloadenginesupport/async_nginx_build/kvs/memcached-1.6.16/../libevent_build/lib -L/home/n869p538/wrk_offloadenginesupport/async_nginx_build/ktls/openssl-3.0.0 -Wl,-rpath,/home/n869p538/wrk_offloadenginesupport/async_nginx_build/kvs/memcached-1.6.16/../libevent_build/lib -Wl,-rpath,/home/n869p538/wrk_offloadenginesupport/async_nginx_build/ktls/openssl-3.0.0/lib conftest.c -lssl -lcrypto -levent  >&5
configure:6820: $? = 0
configure:6820: result: yes
configure:6831: checking for preadv
configure:6831: gcc -o conftest -g -O2 -pthread -pthread -I/home/n869p538/wrk_offloadenginesupport/async_nginx_build/ktls/openssl-3.0.0/include -I/home/n869p538/wrk_offloadenginesupport/async_nginx_build/kvs/memcached-1.6.16/../libevent_build/include  -L/home/n869p538/wrk_offloadenginesupport/async_nginx_build/ktls/openssl-3.0.0 -L/home/n869p538/wrk_offloadenginesupport/async_nginx_build/kvs/memcached-1.6.16/../libevent_build/lib -L/home/n869p538/wrk_offloadenginesupport/async_nginx_build/ktls/openssl-3.0.0 -Wl,-rpath,/home/n869p538/wrk_offloadenginesupport/async_nginx_build/kvs/memcached-1.6.16/../libevent_build/lib -Wl,-rpath,/home/n869p538/wrk_offloadenginesupport/async_nginx_build/ktls/openssl-3.0.0/lib conftest.c -lssl -lcrypto -levent  >&5
configure:6831: $? = 0
configure:6831: result: yes
configure:6842: checking for pread
configure:6842: gcc -o conftest -g -O2 -pthread -pthread -I/home/n869p538/wrk_offloadenginesupport/async_nginx_build/ktls/openssl-3.0.0/include -I/home/n869p538/wrk_offloadenginesupport/async_nginx_build/kvs/memcached-1.6.16/../libevent_build/include  -L/home/n869p538/wrk_offloadenginesupport/async_nginx_build/ktls/openssl-3.0.0 -L/home/n869p538/wrk_offloadenginesupport/async_nginx_build/kvs/memcached-1.6.16/../libevent_build/lib -L/home/n869p538/wrk_offloadenginesupport/async_nginx_build/ktls/openssl-3.0.0 -Wl,-rpath,/home/n869p538/wrk_offloadenginesupport/async_nginx_build/kvs/memcached-1.6.16/../libevent_build/lib -Wl,-rpath,/home/n869p538/wrk_offloadenginesupport/async_nginx_build/ktls/openssl-3.0.0/lib conftest.c -lssl -lcrypto -levent  >&5
configure:6842: $? = 0
configure:6842: result: yes
configure:6853: checking for eventfd
configure:6853: gcc -o conftest -g -O2 -pthread -pthread -I/home/n869p538/wrk_offloadenginesupport/async_nginx_build/ktls/openssl-3.0.0/include -I/home/n869p538/wrk_offloadenginesupport/async_nginx_build/kvs/memcached-1.6.16/../libevent_build/include  -L/home/n869p538/wrk_offloadenginesupport/async_nginx_build/ktls/openssl-3.0.0 -L/home/n869p538/wrk_offloadenginesupport/async_nginx_build/kvs/memcached-1.6.16/../libevent_build/lib -L/home/n869p538/wrk_offloadenginesupport/async_nginx_build/ktls/openssl-3.0.0 -Wl,-rpath,/home/n869p538/wrk_offloadenginesupport/async_nginx_build/kvs/memcached-1.6.16/../libevent_build/lib -Wl,-rpath,/home/n869p538/wrk_offloadenginesupport/async_nginx_build/ktls/openssl-3.0.0/lib conftest.c -lssl -lcrypto -levent  >&5
configure:6853: $? = 0
configure:6853: result: yes
configure:6864: checking for accept4
configure:6864: gcc -o conftest -g -O2 -pthread -pthread -I/home/n869p538/wrk_offloadenginesupport/async_nginx_build/ktls/openssl-3.0.0/include -I/home/n869p538/wrk_offloadenginesupport/async_nginx_build/kvs/memcached-1.6.16/../libevent_build/include  -L/home/n869p538/wrk_offloadenginesupport/async_nginx_build/ktls/openssl-3.0.0 -L/home/n869p538/wrk_offloadenginesupport/async_nginx_build/kvs/memcached-1.6.16/../libevent_build/lib -L/home/n869p538/wrk_offloadenginesupport/async_nginx_build/ktls/openssl-3.0.0 -Wl,-rpath,/home/n869p538/wrk_offloadenginesupport/async_nginx_build/kvs/memcached-1.6.16/../libevent_build/lib -Wl,-rpath,/home/n869p538/wrk_offloadenginesupport/async_nginx_build/ktls/openssl-3.0.0/lib conftest.c -lssl -lcrypto -levent  >&5
configure:6864: $? = 0
configure:6864: result: yes
configure:6877: checking for getopt_long
configure:6877: gcc -o conftest -g -O2 -pthread -pthread -I/home/n869p538/wrk_offloadenginesupport/async_nginx_build/ktls/openssl-3.0.0/include -I/home/n869p538/wrk_offloadenginesupport/async_nginx_build/kvs/memcached-1.6.16/../libevent_build/include  -L/home/n869p538/wrk_offloadenginesupport/async_nginx_build/ktls/openssl-3.0.0 -L/home/n869p538/wrk_offloadenginesupport/async_nginx_build/kvs/memcached-1.6.16/../libevent_build/lib -L/home/n869p538/wrk_offloadenginesupport/async_nginx_build/ktls/openssl-3.0.0 -Wl,-rpath,/home/n869p538/wrk_offloadenginesupport/async_nginx_build/kvs/memcached-1.6.16/../libevent_build/lib -Wl,-rpath,/home/n869p538/wrk_offloadenginesupport/async_nginx_build/ktls/openssl-3.0.0/lib conftest.c -lssl -lcrypto -levent  >&5
configure:6877: $? = 0
configure:6877: result: yes
configure:6891: checking for alignment
configure:6938: gcc -o conftest -g -O2 -pthread -pthread -I/home/n869p538/wrk_offloadenginesupport/async_nginx_build/ktls/openssl-3.0.0/include -I/home/n869p538/wrk_offloadenginesupport/async_nginx_build/kvs/memcached-1.6.16/../libevent_build/include  -L/home/n869p538/wrk_offloadenginesupport/async_nginx_build/ktls/openssl-3.0.0 -L/home/n869p538/wrk_offloadenginesupport/async_nginx_build/kvs/memcached-1.6.16/../libevent_build/lib -L/home/n869p538/wrk_offloadenginesupport/async_nginx_build/ktls/openssl-3.0.0 -Wl,-rpath,/home/n869p538/wrk_offloadenginesupport/async_nginx_build/kvs/memcached-1.6.16/../libevent_build/lib -Wl,-rpath,/home/n869p538/wrk_offloadenginesupport/async_nginx_build/ktls/openssl-3.0.0/lib conftest.c -lssl -lcrypto -levent  >&5
configure:6938: $? = 0
configure:6938: ./conftest
configure:6938: $? = 0
configure:6953: result: none
configure:6970: checking for GCC atomics
configure:6988: gcc -o conftest -g -O2 -pthread -pthread -I/home/n869p538/wrk_offloadenginesupport/async_nginx_build/ktls/openssl-3.0.0/include -I/home/n869p538/wrk_offloadenginesupport/async_nginx_build/kvs/memcached-1.6.16/../libevent_build/include  -L/home/n869p538/wrk_offloadenginesupport/async_nginx_build/ktls/openssl-3.0.0 -L/home/n869p538/wrk_offloadenginesupport/async_nginx_build/kvs/memcached-1.6.16/../libevent_build/lib -L/home/n869p538/wrk_offloadenginesupport/async_nginx_build/ktls/openssl-3.0.0 -Wl,-rpath,/home/n869p538/wrk_offloadenginesupport/async_nginx_build/kvs/memcached-1.6.16/../libevent_build/lib -Wl,-rpath,/home/n869p538/wrk_offloadenginesupport/async_nginx_build/ktls/openssl-3.0.0/lib conftest.c -lssl -lcrypto -levent  >&5
configure:6988: $? = 0
configure:6996: result: yes
configure:7000: checking for GCC 64bit atomics
configure:7019: gcc -o conftest -g -O2 -pthread -pthread -I/home/n869p538/wrk_offloadenginesupport/async_nginx_build/ktls/openssl-3.0.0/include -I/home/n869p538/wrk_offloadenginesupport/async_nginx_build/kvs/memcached-1.6.16/../libevent_build/include  -L/home/n869p538/wrk_offloadenginesupport/async_nginx_build/ktls/openssl-3.0.0 -L/home/n869p538/wrk_offloadenginesupport/async_nginx_build/kvs/memcached-1.6.16/../libevent_build/lib -L/home/n869p538/wrk_offloadenginesupport/async_nginx_build/ktls/openssl-3.0.0 -Wl,-rpath,/home/n869p538/wrk_offloadenginesupport/async_nginx_build/kvs/memcached-1.6.16/../libevent_build/lib -Wl,-rpath,/home/n869p538/wrk_offloadenginesupport/async_nginx_build/ktls/openssl-3.0.0/lib conftest.c -lssl -lcrypto -levent  >&5
configure:7019: $? = 0
configure:7027: result: yes
configure:7032: checking for setppriv
configure:7032: gcc -o conftest -g -O2 -pthread -pthread -I/home/n869p538/wrk_offloadenginesupport/async_nginx_build/ktls/openssl-3.0.0/include -I/home/n869p538/wrk_offloadenginesupport/async_nginx_build/kvs/memcached-1.6.16/../libevent_build/include  -L/home/n869p538/wrk_offloadenginesupport/async_nginx_build/ktls/openssl-3.0.0 -L/home/n869p538/wrk_offloadenginesupport/async_nginx_build/kvs/memcached-1.6.16/../libevent_build/lib -L/home/n869p538/wrk_offloadenginesupport/async_nginx_build/ktls/openssl-3.0.0 -Wl,-rpath,/home/n869p538/wrk_offloadenginesupport/async_nginx_build/kvs/memcached-1.6.16/../libevent_build/lib -Wl,-rpath,/home/n869p538/wrk_offloadenginesupport/async_nginx_build/ktls/openssl-3.0.0/lib conftest.c -lssl -lcrypto -levent  >&5
/bin/ld: /tmp/cc03pnm6.o: in function `main':
/home/n869p538/wrk_offloadenginesupport/async_nginx_build/kvs/memcached-1.6.16/conftest.c:75: undefined reference to `setppriv'
collect2: error: ld returned 1 exit status
configure:7032: $? = 1
configure: failed program was:
| /* confdefs.h */
| #define PACKAGE_NAME "memcached"
| #define PACKAGE_TARNAME "memcached"
| #define PACKAGE_VERSION "1.6.16"
| #define PACKAGE_STRING "memcached 1.6.16"
| #define PACKAGE_BUGREPORT "memcached@googlegroups.com"
| #define PACKAGE_URL ""
| #define PACKAGE "memcached"
| #define VERSION "1.6.16"
| #define STDC_HEADERS 1
| #define HAVE_SYS_TYPES_H 1
| #define HAVE_SYS_STAT_H 1
| #define HAVE_STDLIB_H 1
| #define HAVE_STRING_H 1
| #define HAVE_MEMORY_H 1
| #define HAVE_STRINGS_H 1
| #define HAVE_INTTYPES_H 1
| #define HAVE_STDINT_H 1
| #define HAVE_UNISTD_H 1
| #define EXTSTORE 1
| #define TLS 1
| #define SIZEOF_VOID_P 8
| #define HAVE_LIBEVENT_NEW 1
| #define HAVE__BOOL 1
| #define HAVE_STDBOOL_H 1
| #define HAVE_INTTYPES_H 1
| #define ENDIAN_LITTLE 1
| #define HAVE_MLOCKALL 1
| #define HAVE_SYSCONF 1
| #define HAVE_CLOCK_GETTIME 1
| #define HAVE_PREADV 1
| #define HAVE_PREAD 1
| #define HAVE_EVENTFD 1
| #define HAVE_ACCEPT4 1
| #define HAVE_ACCEPT4 1
| #define HAVE_GETOPT_LONG 1
| #define HAVE_GETOPT_LONG 1
| #define HAVE_GCC_ATOMICS 1
| #define HAVE_GCC_64ATOMICS 1
| /* end confdefs.h.  */
| /* Define setppriv to an innocuous variant, in case <limits.h> declares setppriv.
|    For example, HP-UX 11i <limits.h> declares gettimeofday.  */
| #define setppriv innocuous_setppriv
| 
| /* System header to define __stub macros and hopefully few prototypes,
|     which can conflict with char setppriv (); below.
|     Prefer <limits.h> to <assert.h> if __STDC__ is defined, since
|     <limits.h> exists even on freestanding compilers.  */
| 
| #ifdef __STDC__
| # include <limits.h>
| #else
| # include <assert.h>
| #endif
| 
| #undef setppriv
| 
| /* Override any GCC internal prototype to avoid an error.
|    Use char because int might match the return type of a GCC
|    builtin and then its argument prototype would still apply.  */
| #ifdef __cplusplus
| extern "C"
| #endif
| char setppriv ();
| /* The GNU C library defines this for functions which it implements
|     to always fail with ENOSYS.  Some functions are actually named
|     something starting with __ and the normal name is an alias.  */
| #if defined __stub_setppriv || defined __stub___setppriv
| choke me
| #endif
| 
| int
| main ()
| {
| return setppriv ();
|   ;
|   return 0;
| }
configure:7032: result: no
configure:7110: checking for pledge
configure:7110: gcc -o conftest -g -O2 -pthread -pthread -I/home/n869p538/wrk_offloadenginesupport/async_nginx_build/ktls/openssl-3.0.0/include -I/home/n869p538/wrk_offloadenginesupport/async_nginx_build/kvs/memcached-1.6.16/../libevent_build/include  -L/home/n869p538/wrk_offloadenginesupport/async_nginx_build/ktls/openssl-3.0.0 -L/home/n869p538/wrk_offloadenginesupport/async_nginx_build/kvs/memcached-1.6.16/../libevent_build/lib -L/home/n869p538/wrk_offloadenginesupport/async_nginx_build/ktls/openssl-3.0.0 -Wl,-rpath,/home/n869p538/wrk_offloadenginesupport/async_nginx_build/kvs/memcached-1.6.16/../libevent_build/lib -Wl,-rpath,/home/n869p538/wrk_offloadenginesupport/async_nginx_build/ktls/openssl-3.0.0/lib conftest.c -lssl -lcrypto -levent  >&5
/bin/ld: /tmp/ccgUoNuc.o: in function `main':
/home/n869p538/wrk_offloadenginesupport/async_nginx_build/kvs/memcached-1.6.16/conftest.c:75: undefined reference to `pledge'
collect2: error: ld returned 1 exit status
configure:7110: $? = 1
configure: failed program was:
| /* confdefs.h */
| #define PACKAGE_NAME "memcached"
| #define PACKAGE_TARNAME "memcached"
| #define PACKAGE_VERSION "1.6.16"
| #define PACKAGE_STRING "memcached 1.6.16"
| #define PACKAGE_BUGREPORT "memcached@googlegroups.com"
| #define PACKAGE_URL ""
| #define PACKAGE "memcached"
| #define VERSION "1.6.16"
| #define STDC_HEADERS 1
| #define HAVE_SYS_TYPES_H 1
| #define HAVE_SYS_STAT_H 1
| #define HAVE_STDLIB_H 1
| #define HAVE_STRING_H 1
| #define HAVE_MEMORY_H 1
| #define HAVE_STRINGS_H 1
| #define HAVE_INTTYPES_H 1
| #define HAVE_STDINT_H 1
| #define HAVE_UNISTD_H 1
| #define EXTSTORE 1
| #define TLS 1
| #define SIZEOF_VOID_P 8
| #define HAVE_LIBEVENT_NEW 1
| #define HAVE__BOOL 1
| #define HAVE_STDBOOL_H 1
| #define HAVE_INTTYPES_H 1
| #define ENDIAN_LITTLE 1
| #define HAVE_MLOCKALL 1
| #define HAVE_SYSCONF 1
| #define HAVE_CLOCK_GETTIME 1
| #define HAVE_PREADV 1
| #define HAVE_PREAD 1
| #define HAVE_EVENTFD 1
| #define HAVE_ACCEPT4 1
| #define HAVE_ACCEPT4 1
| #define HAVE_GETOPT_LONG 1
| #define HAVE_GETOPT_LONG 1
| #define HAVE_GCC_ATOMICS 1
| #define HAVE_GCC_64ATOMICS 1
| /* end confdefs.h.  */
| /* Define pledge to an innocuous variant, in case <limits.h> declares pledge.
|    For example, HP-UX 11i <limits.h> declares gettimeofday.  */
| #define pledge innocuous_pledge
| 
| /* System header to define __stub macros and hopefully few prototypes,
|     which can conflict with char pledge (); below.
|     Prefer <limits.h> to <assert.h> if __STDC__ is defined, since
|     <limits.h> exists even on freestanding compilers.  */
| 
| #ifdef __STDC__
| # include <limits.h>
| #else
| # include <assert.h>
| #endif
| 
| #undef pledge
| 
| /* Override any GCC internal prototype to avoid an error.
|    Use char because int might match the return type of a GCC
|    builtin and then its argument prototype would still apply.  */
| #ifdef __cplusplus
| extern "C"
| #endif
| char pledge ();
| /* The GNU C library defines this for functions which it implements
|     to always fail with ENOSYS.  Some functions are actually named
|     something starting with __ and the normal name is an alias.  */
| #if defined __stub_pledge || defined __stub___pledge
| choke me
| #endif
| 
| int
| main ()
| {
| return pledge ();
|   ;
|   return 0;
| }
configure:7110: result: no
configure:7134: checking for cap_enter
configure:7134: gcc -o conftest -g -O2 -pthread -pthread -I/home/n869p538/wrk_offloadenginesupport/async_nginx_build/ktls/openssl-3.0.0/include -I/home/n869p538/wrk_offloadenginesupport/async_nginx_build/kvs/memcached-1.6.16/../libevent_build/include  -L/home/n869p538/wrk_offloadenginesupport/async_nginx_build/ktls/openssl-3.0.0 -L/home/n869p538/wrk_offloadenginesupport/async_nginx_build/kvs/memcached-1.6.16/../libevent_build/lib -L/home/n869p538/wrk_offloadenginesupport/async_nginx_build/ktls/openssl-3.0.0 -Wl,-rpath,/home/n869p538/wrk_offloadenginesupport/async_nginx_build/kvs/memcached-1.6.16/../libevent_build/lib -Wl,-rpath,/home/n869p538/wrk_offloadenginesupport/async_nginx_build/ktls/openssl-3.0.0/lib conftest.c -lssl -lcrypto -levent  >&5
/bin/ld: /tmp/ccfUj3Zd.o: in function `main':
/home/n869p538/wrk_offloadenginesupport/async_nginx_build/kvs/memcached-1.6.16/conftest.c:75: undefined reference to `cap_enter'
collect2: error: ld returned 1 exit status
configure:7134: $? = 1
configure: failed program was:
| /* confdefs.h */
| #define PACKAGE_NAME "memcached"
| #define PACKAGE_TARNAME "memcached"
| #define PACKAGE_VERSION "1.6.16"
| #define PACKAGE_STRING "memcached 1.6.16"
| #define PACKAGE_BUGREPORT "memcached@googlegroups.com"
| #define PACKAGE_URL ""
| #define PACKAGE "memcached"
| #define VERSION "1.6.16"
| #define STDC_HEADERS 1
| #define HAVE_SYS_TYPES_H 1
| #define HAVE_SYS_STAT_H 1
| #define HAVE_STDLIB_H 1
| #define HAVE_STRING_H 1
| #define HAVE_MEMORY_H 1
| #define HAVE_STRINGS_H 1
| #define HAVE_INTTYPES_H 1
| #define HAVE_STDINT_H 1
| #define HAVE_UNISTD_H 1
| #define EXTSTORE 1
| #define TLS 1
| #define SIZEOF_VOID_P 8
| #define HAVE_LIBEVENT_NEW 1
| #define HAVE__BOOL 1
| #define HAVE_STDBOOL_H 1
| #define HAVE_INTTYPES_H 1
| #define ENDIAN_LITTLE 1
| #define HAVE_MLOCKALL 1
| #define HAVE_SYSCONF 1
| #define HAVE_CLOCK_GETTIME 1
| #define HAVE_PREADV 1
| #define HAVE_PREAD 1
| #define HAVE_EVENTFD 1
| #define HAVE_ACCEPT4 1
| #define HAVE_ACCEPT4 1
| #define HAVE_GETOPT_LONG 1
| #define HAVE_GETOPT_LONG 1
| #define HAVE_GCC_ATOMICS 1
| #define HAVE_GCC_64ATOMICS 1
| /* end confdefs.h.  */
| /* Define cap_enter to an innocuous variant, in case <limits.h> declares cap_enter.
|    For example, HP-UX 11i <limits.h> declares gettimeofday.  */
| #define cap_enter innocuous_cap_enter
| 
| /* System header to define __stub macros and hopefully few prototypes,
|     which can conflict with char cap_enter (); below.
|     Prefer <limits.h> to <assert.h> if __STDC__ is defined, since
|     <limits.h> exists even on freestanding compilers.  */
| 
| #ifdef __STDC__
| # include <limits.h>
| #else
| # include <assert.h>
| #endif
| 
| #undef cap_enter
| 
| /* Override any GCC internal prototype to avoid an error.
|    Use char because int might match the return type of a GCC
|    builtin and then its argument prototype would still apply.  */
| #ifdef __cplusplus
| extern "C"
| #endif
| char cap_enter ();
| /* The GNU C library defines this for functions which it implements
|     to always fail with ENOSYS.  Some functions are actually named
|     something starting with __ and the normal name is an alias.  */
| #if defined __stub_cap_enter || defined __stub___cap_enter
| choke me
| #endif
| 
| int
| main ()
| {
| return cap_enter ();
|   ;
|   return 0;
| }
configure:7134: result: no
configure:7198: checking for xml2rfc
configure:7229: result: no
configure:7239: checking for xsltproc
configure:7257: found /bin/xsltproc
configure:7270: result: /bin/xsltproc
configure:7417: checking that generated files are newer than configure
configure:7423: result: done
configure:7511: creating ./config.status

## ---------------------- ##
## Running config.status. ##
## ---------------------- ##

This file was extended by memcached config.status 1.6.16, which was
generated by GNU Autoconf 2.69.  Invocation command line was

  CONFIG_FILES    = 
  CONFIG_HEADERS  = 
  CONFIG_LINKS    = 
  CONFIG_COMMANDS = 
  $ ./config.status 

on axdimm.ittc.ku.edu

config.status:926: creating Makefile
config.status:926: creating doc/Makefile
config.status:926: creating config.h
config.status:1155: executing depfiles commands
config.status:1232: cd .       && sed -e '/# am--include-marker/d' Makefile         | make -f - am--depfiles
config.status:1237: $? = 0

## ---------------- ##
## Cache variables. ##
## ---------------- ##

ac_cv_build=x86_64-pc-linux-gnu
ac_cv_c_alignment=none
ac_cv_c_bigendian=no
ac_cv_c_compiler_gnu=yes
ac_cv_c_const=yes
ac_cv_c_socklen_t=yes
ac_cv_c_uint64_support=yes
ac_cv_env_CC_set=
ac_cv_env_CC_value=
ac_cv_env_CFLAGS_set=
ac_cv_env_CFLAGS_value=
ac_cv_env_CPPFLAGS_set=
ac_cv_env_CPPFLAGS_value=
ac_cv_env_CPP_set=
ac_cv_env_CPP_value=
ac_cv_env_LDFLAGS_set=set
ac_cv_env_LDFLAGS_value=-L/home/n869p538/wrk_offloadenginesupport/async_nginx_build/ktls/openssl-3.0.0
ac_cv_env_LIBS_set=
ac_cv_env_LIBS_value=
ac_cv_env_build_alias_set=
ac_cv_env_build_alias_value=
ac_cv_env_host_alias_set=
ac_cv_env_host_alias_value=
ac_cv_env_target_alias_set=
ac_cv_env_target_alias_value=
ac_cv_func_accept4=yes
ac_cv_func_cap_enter=no
ac_cv_func_clock_gettime=yes
ac_cv_func_eventfd=yes
ac_cv_func_getopt_long=yes
ac_cv_func_getpagesizes=no
ac_cv_func_memcntl=no
ac_cv_func_mlockall=yes
ac_cv_func_pledge=no
ac_cv_func_pread=yes
ac_cv_func_preadv=yes
ac_cv_func_setppriv=no
ac_cv_func_sysconf=yes
ac_cv_has_sasl_callback_ft=no
ac_cv_have_decl___SUNPRO_C=no
ac_cv_header_inttypes_h=yes
ac_cv_header_memory_h=yes
ac_cv_header_sasl_sasl_h=no
ac_cv_header_stdbool_h=yes
ac_cv_header_stdc=yes
ac_cv_header_stdint_h=yes
ac_cv_header_stdlib_h=yes
ac_cv_header_string_h=yes
ac_cv_header_strings_h=yes
ac_cv_header_sys_stat_h=yes
ac_cv_header_sys_types_h=yes
ac_cv_header_unistd_h=yes
ac_cv_host=x86_64-pc-linux-gnu
ac_cv_lib_gcov_main=yes
ac_cv_libevent_dir=/home/n869p538/wrk_offloadenginesupport/async_nginx_build/kvs/memcached-1.6.16/../libevent_build
ac_cv_libssl_dir=/home/n869p538/wrk_offloadenginesupport/async_nginx_build/ktls/openssl-3.0.0
ac_cv_objext=o
ac_cv_path_EGREP='/bin/grep -E'
ac_cv_path_GREP=/bin/grep
ac_cv_path_PROFILER=/bin/gcov
ac_cv_path_XML2RFC=no
ac_cv_path_XSLTPROC=/bin/xsltproc
ac_cv_path_install='/bin/install -c'
ac_cv_path_mkdir=/bin/mkdir
ac_cv_prog_AWK=gawk
ac_cv_prog_CPP='gcc -E'
ac_cv_prog_ac_ct_CC=gcc
ac_cv_prog_cc_c89=
ac_cv_prog_cc_c99=
ac_cv_prog_cc_g=yes
ac_cv_prog_make_make_set=yes
ac_cv_search_clock_gettime='none required'
ac_cv_search_gethostbyname='none required'
ac_cv_search_gethugepagesizes=no
ac_cv_search_pthread_create='none required'
ac_cv_search_socket='none required'
ac_cv_sizeof_void_p=8
ac_cv_type__Bool=yes
am_cv_CC_dependencies_compiler_type=gcc3
am_cv_make_support_nested_variables=yes
am_cv_prog_cc_c_o=yes

## ----------------- ##
## Output variables. ##
## ----------------- ##

ACLOCAL='${SHELL} '\''/home/n869p538/wrk_offloadenginesupport/async_nginx_build/kvs/memcached-1.6.16/missing'\'' aclocal-1.16'
AMDEPBACKSLASH='\'
AMDEP_FALSE='#'
AMDEP_TRUE=''
AMTAR='$${TAR-tar}'
AM_BACKSLASH='\'
AM_DEFAULT_V='$(AM_DEFAULT_VERBOSITY)'
AM_DEFAULT_VERBOSITY='1'
AM_V='$(V)'
AUTOCONF='${SHELL} '\''/home/n869p538/wrk_offloadenginesupport/async_nginx_build/kvs/memcached-1.6.16/missing'\'' autoconf'
AUTOHEADER='${SHELL} '\''/home/n869p538/wrk_offloadenginesupport/async_nginx_build/kvs/memcached-1.6.16/missing'\'' autoheader'
AUTOMAKE='${SHELL} '\''/home/n869p538/wrk_offloadenginesupport/async_nginx_build/kvs/memcached-1.6.16/missing'\'' automake-1.16'
AWK='gawk'
BUILD_DTRACE_FALSE=''
BUILD_DTRACE_TRUE='#'
BUILD_FREEBSD_PRIVS_FALSE=''
BUILD_FREEBSD_PRIVS_TRUE='#'
BUILD_LINUX_PRIVS_FALSE=''
BUILD_LINUX_PRIVS_TRUE='#'
BUILD_OPENBSD_PRIVS_FALSE=''
BUILD_OPENBSD_PRIVS_TRUE='#'
BUILD_SOLARIS_PRIVS_FALSE=''
BUILD_SOLARIS_PRIVS_TRUE='#'
BUILD_SPECIFICATIONS_FALSE=''
BUILD_SPECIFICATIONS_TRUE='#'
CC='gcc'
CCDEPMODE='depmode=gcc3'
CFLAGS='-g -O2 -pthread -pthread -Wall -Werror -pedantic -Wmissing-prototypes -Wmissing-declarations -Wredundant-decls'
CPP='gcc -E'
CPPFLAGS='-I/home/n869p538/wrk_offloadenginesupport/async_nginx_build/ktls/openssl-3.0.0/include -I/home/n869p538/wrk_offloadenginesupport/async_nginx_build/kvs/memcached-1.6.16/../libevent_build/include '
CSCOPE='cscope'
CTAGS='ctags'
CYGPATH_W='echo'
DEFS='-DHAVE_CONFIG_H'
DEPDIR='.deps'
DISABLE_UNIX_SOCKET_FALSE=''
DISABLE_UNIX_SOCKET_TRUE='#'
DTRACE=''
DTRACEFLAGS=''
DTRACE_INSTRUMENT_OBJ_FALSE=''
DTRACE_INSTRUMENT_OBJ_TRUE='#'
ECHO_C=''
ECHO_N='-n'
ECHO_T=''
EGREP='/bin/grep -E'
ENABLE_ARM_CRC32_FALSE=''
ENABLE_ARM_CRC32_TRUE='#'
ENABLE_ASAN_FALSE=''
ENABLE_ASAN_TRUE='#'
ENABLE_EXTSTORE_FALSE='#'
ENABLE_EXTSTORE_TRUE=''
ENABLE_PROXY_FALSE=''
ENABLE_PROXY_TRUE='#'
ENABLE_PROXY_URING_FALSE=''
ENABLE_PROXY_URING_TRUE='#'
ENABLE_SASL=''
ENABLE_SASL_FALSE=''
ENABLE_SASL_TRUE='#'
ENABLE_STATIC_FALSE=''
ENABLE_STATIC_TRUE='#'
ENABLE_TLS_FALSE='#'
ENABLE_TLS_TRUE=''
ETAGS='etags'
EXEEXT=''
GREP='/bin/grep'
INSTALL_DATA='${INSTALL} -m 644'
INSTALL_PROGRAM='${INSTALL}'
INSTALL_SCRIPT='${INSTALL}'
INSTALL_STRIP_PROGRAM='$(install_sh) -c -s'
LDFLAGS='-L/home/n869p538/wrk_offloadenginesupport/async_nginx_build/ktls/openssl-3.0.0 -L/home/n869p538/wrk_offloadenginesupport/async_nginx_build/kvs/memcached-1.6.16/../libevent_build/lib -L/home/n869p538/wrk_offloadenginesupport/async_nginx_build/ktls/openssl-3.0.0 -Wl,-rpath,/home/n869p538/wrk_offloadenginesupport/async_nginx_build/kvs/memcached-1.6.16/../libevent_build/lib -Wl,-rpath,/home/n869p538/wrk_offloadenginesupport/async_nginx_build/ktls/openssl-3.0.0/lib'
LIBOBJS=''
LIBS='-lssl -lcrypto -levent '
LTLIBOBJS=''
MAKEINFO='${SHELL} '\''/home/n869p538/wrk_offloadenginesupport/async_nginx_build/kvs/memcached-1.6.16/missing'\'' makeinfo'
MKDIR_P='/bin/mkdir -p'
OBJEXT='o'
PACKAGE='memcached'
PACKAGE_BUGREPORT='memcached@googlegroups.com'
PACKAGE_NAME='memcached'
PACKAGE_STRING='memcached 1.6.16'
PACKAGE_TARNAME='memcached'
PACKAGE_URL=''
PACKAGE_VERSION='1.6.16'
PATH_SEPARATOR=':'
PROFILER='/bin/gcov'
PROFILER_FLAGS='-fprofile-arcs -ftest-coverage'
PROFILER_LDFLAGS='-lgcov'
SET_MAKE=''
SHELL='/bin/bash'
STRIP=''
VERSION='1.6.16'
XML2RFC='no'
XSLTPROC='/bin/xsltproc'
ac_ct_CC='gcc'
am__EXEEXT_FALSE=''
am__EXEEXT_TRUE='#'
am__fastdepCC_FALSE='#'
am__fastdepCC_TRUE=''
am__include='include'
am__isrc=''
am__leading_dot='.'
am__nodep='_no'
am__quote=''
am__tar='$${TAR-tar} chof - "$$tardir"'
am__untar='$${TAR-tar} xf -'
bindir='${exec_prefix}/bin'
build='x86_64-pc-linux-gnu'
build_alias=''
build_cpu='x86_64'
build_os='linux-gnu'
build_vendor='pc'
datadir='${datarootdir}'
datarootdir='${prefix}/share'
docdir='${datarootdir}/doc/${PACKAGE_TARNAME}'
dvidir='${docdir}'
exec_prefix='${prefix}'
host='x86_64-pc-linux-gnu'
host_alias=''
host_cpu='x86_64'
host_os='linux-gnu'
host_vendor='pc'
htmldir='${docdir}'
includedir='${prefix}/include'
infodir='${datarootdir}/info'
install_sh='${SHELL} /home/n869p538/wrk_offloadenginesupport/async_nginx_build/kvs/memcached-1.6.16/install-sh'
libdir='${exec_prefix}/lib'
libexecdir='${exec_prefix}/libexec'
localedir='${datarootdir}/locale'
localstatedir='${prefix}/var'
mandir='${datarootdir}/man'
mkdir_p='$(MKDIR_P)'
oldincludedir='/usr/include'
pdfdir='${docdir}'
prefix='/home/n869p538/wrk_offloadenginesupport/async_nginx_build/kvs/memcached-1.6.16/../ktls_mem_build'
program_transform_name='s,x,x,'
psdir='${docdir}'
runstatedir='${localstatedir}/run'
sbindir='${exec_prefix}/sbin'
sharedstatedir='${prefix}/com'
sysconfdir='${prefix}/etc'
target_alias=''

## ----------- ##
## confdefs.h. ##
## ----------- ##

/* confdefs.h */
#define PACKAGE_NAME "memcached"
#define PACKAGE_TARNAME "memcached"
#define PACKAGE_VERSION "1.6.16"
#define PACKAGE_STRING "memcached 1.6.16"
#define PACKAGE_BUGREPORT "memcached@googlegroups.com"
#define PACKAGE_URL ""
#define PACKAGE "memcached"
#define VERSION "1.6.16"
#define STDC_HEADERS 1
#define HAVE_SYS_TYPES_H 1
#define HAVE_SYS_STAT_H 1
#define HAVE_STDLIB_H 1
#define HAVE_STRING_H 1
#define HAVE_MEMORY_H 1
#define HAVE_STRINGS_H 1
#define HAVE_INTTYPES_H 1
#define HAVE_STDINT_H 1
#define HAVE_UNISTD_H 1
#define EXTSTORE 1
#define TLS 1
#define SIZEOF_VOID_P 8
#define HAVE_LIBEVENT_NEW 1
#define HAVE__BOOL 1
#define HAVE_STDBOOL_H 1
#define HAVE_INTTYPES_H 1
#define ENDIAN_LITTLE 1
#define HAVE_MLOCKALL 1
#define HAVE_SYSCONF 1
#define HAVE_CLOCK_GETTIME 1
#define HAVE_PREADV 1
#define HAVE_PREAD 1
#define HAVE_EVENTFD 1
#define HAVE_ACCEPT4 1
#define HAVE_ACCEPT4 1
#define HAVE_GETOPT_LONG 1
#define HAVE_GETOPT_LONG 1
#define HAVE_GCC_ATOMICS 1
#define HAVE_GCC_64ATOMICS 1
#define _GNU_SOURCE 1

configure: exit 0
